<?xml version="1.0" encoding="UTF-8"?>
<!-- Generated by org.testng.reporters.JUnitReportReporter -->
<testsuite skipped="0" hostname="DESKTOP-4VEJF42" name="test.loginTest" tests="1" failures="0" timestamp="07 Nov 2020 22:05:42 GMT" time="7.363" errors="0">
  <testcase name="validUserShouldBeAbleToLogin" time="7.363" classname="test.loginTest"/>
</testsuite> <!-- test.loginTest -->
